<?xml version="1.0" encoding="UTF-8"?>
<!-- Generated by org.testng.reporters.JUnitReportReporter -->
<testsuite hostname="DESKTOP-BNERN3A" failures="0" tests="3" name="seleniumassignment.testcases" time="25.942" errors="0" timestamp="2022-09-12T20:41:26 AEST" skipped="0">
  <testcase classname="seleniumassignment.testcases" name="testcase3" time="10.408"/>
  <system-out>
    <![CDATA[subtotal values are matching
Stuffed Frog price is 10.99
subtotal values are matching
Fluffy Bunny price is 9.99
subtotal values are matching
Valentine Bear price is 14.99
total values are matching]]>
  </system-out>
  <testcase classname="seleniumassignment.testcases" name="testcase2" time="9.698"/>
  <system-out>
    <![CDATA[Thanks Vikram, we appreciate your feedback. is the expected message
verified contact submission for 1 times 
]]>
  </system-out>
  <testcase classname="seleniumassignment.testcases" name="testcase1" time="5.836"/>
  <system-out>
    <![CDATA[Forename is required is the expected message
Email is required is the expected message
Message is required is the expected message
forename error is gone
email error is gone
message error is gone]]>
  </system-out>
</testsuite> <!-- seleniumassignment.testcases -->
